<?xml version="1.0" encoding="UTF-8"?>
<testsuite name="bgpark.call_by_value.CallByValueTest" tests="1" skipped="0" failures="0" errors="0" timestamp="2022-04-07T14:35:21" hostname="MacBook-Pro-3.local" time="0.043">
  <properties/>
  <testcase name="callByReference()" classname="bgpark.call_by_value.CallByValueTest" time="0.043"/>
  <system-out><![CDATA[]]></system-out>
  <system-err><![CDATA[]]></system-err>
</testsuite>
